
=== SERVICE STARTED [2026-06-11 21:05:00] PID: 29292 ===

--- wendi ---
[21:05:00] Memulai klaim...
[21:05:01] [✗] Unauthorized
Tunggu 20 detik sebelum akun berikutnya...

--- bowo ---
[21:05:21] Memulai klaim...
[21:05:22] [✗] Unauthorized
Tunggu 20 detik sebelum akun berikutnya...

=== Siklus selesai, tunggu 15 detik... ===

--- wendi ---
[21:05:57] Memulai klaim...
[21:05:58] [✗] Unauthorized
Tunggu 20 detik sebelum akun berikutnya...

--- bowo ---
[21:06:18] Memulai klaim...
[21:06:19] [✗] Unauthorized
Tunggu 20 detik sebelum akun berikutnya...

=== Siklus selesai, tunggu 15 detik... ===

--- wendi ---
[21:06:54] Memulai klaim...
[21:06:55] [✗] Unauthorized
Tunggu 20 detik sebelum akun berikutnya...

--- bowo ---
[21:07:15] Memulai klaim...
[21:07:16] [✗] Unauthorized
Tunggu 20 detik sebelum akun berikutnya...

=== Siklus selesai, tunggu 15 detik... ===

--- wendi ---
[21:07:51] Memulai klaim...
[21:07:51] [✗] Unauthorized
Tunggu 20 detik sebelum akun berikutnya...

--- bowo ---
[21:08:11] Memulai klaim...
[21:08:13] [✗] Unauthorized
Tunggu 20 detik sebelum akun berikutnya...

=== Siklus selesai, tunggu 15 detik... ===

--- wendi ---
[21:08:48] Memulai klaim...
[21:08:49] [✗] Unauthorized
Tunggu 20 detik sebelum akun berikutnya...

--- bowo ---
[21:09:09] Memulai klaim...
[21:09:10] [✗] Unauthorized
Tunggu 20 detik sebelum akun berikutnya...

=== Siklus selesai, tunggu 15 detik... ===

--- wendi ---
[21:09:45] Memulai klaim...
[21:09:46] [✗] Unauthorized
Tunggu 20 detik sebelum akun berikutnya...

--- bowo ---
[21:10:06] Memulai klaim...
[21:10:07] [✗] Unauthorized
Tunggu 20 detik sebelum akun berikutnya...

=== Siklus selesai, tunggu 15 detik... ===

--- wendi ---
[21:10:42] Memulai klaim...
[21:10:43] [✗] Unauthorized
Tunggu 20 detik sebelum akun berikutnya...

--- bowo ---
[21:11:03] Memulai klaim...
[21:11:03] [✗] Unauthorized
Tunggu 20 detik sebelum akun berikutnya...

=== Siklus selesai, tunggu 15 detik... ===

--- wendi ---
[21:11:38] Memulai klaim...
[21:11:39] [✗] Unauthorized
Tunggu 20 detik sebelum akun berikutnya...

--- bowo ---
[21:11:59] Memulai klaim...
[21:12:02] [✗] Unauthorized
Tunggu 20 detik sebelum akun berikutnya...

=== Siklus selesai, tunggu 15 detik... ===

--- wendi ---
[21:12:37] Memulai klaim...
[21:12:38] [✗] Unauthorized
Tunggu 20 detik sebelum akun berikutnya...
